<?xml version="1.0" encoding="utf-8"?><testsuites name="pytest tests"><testsuite name="pytest" errors="0" failures="0" skipped="0" tests="5" time="0.028" timestamp="2026-08-21T13:37:00.102069+08:00" hostname="StefandeMac-mini-4.local"><testcase classname="tests.e2e.test_e2e_qualification" name="test_qualification_ac003_signal_bit_level_roundtrip" time="0.001" /><testcase classname="tests.e2e.test_e2e_qualification" name="test_qualification_ac002_extended_frame_roundtrip" time="0.000" /><testcase classname="tests.e2e.test_e2e_qualification" name="test_qualification_ac001_standard_frame_roundtrip" time="0.000" /><testcase classname="tests.e2e.test_e2e_qualification" name="test_qualification_ac004_dashboard_pdu_end_to_end" time="0.000" /><testcase classname="tests.e2e.test_e2e_qualification" name="test_qualification_ac005_error_paths_domain_exceptions" time="0.000" /></testsuite></testsuites>